2018-03-25 01:47:11  Server Started : 2018-03-25 01:47:11
2018-03-25 01:47:11  Listening on   : 127.0.0.1 port 8090
2018-03-25 01:47:11  Master socket  : Resource id #7 

2018-03-25 01:50:37  Server Started : 2018-03-25 01:50:37
2018-03-25 01:50:37  Listening on   : 127.0.0.1 port 8090
2018-03-25 01:50:37  Master socket  : Resource id #7 

2018-03-25 01:50:45  
Resource id #12 CONNECTED!
2018-03-25 01:50:45  2018-3-25 01:50:45
2018-03-25 02:00:15  Resource id #12 DISCONNECTED!
2018-03-25 02:00:15  
Resource id #16 CONNECTED!
2018-03-25 02:00:15  2018-3-25 02:00:15
2018-03-25 02:00:19  Resource id #16 DISCONNECTED!
2018-03-25 02:00:19  
Resource id #20 CONNECTED!
2018-03-25 02:00:19  2018-3-25 02:00:19
2018-03-25 02:00:22  
Resource id #23 CONNECTED!
2018-03-25 02:00:22  2018-3-25 02:00:22
2018-03-25 02:00:25  Resource id #23 DISCONNECTED!
2018-03-25 02:00:26  
Resource id #27 CONNECTED!
2018-03-25 02:00:26  2018-3-25 02:00:26
2018-03-25 02:00:32  Resource id #27 DISCONNECTED!
2018-03-25 02:00:33  
Resource id #31 CONNECTED!
2018-03-25 02:00:33  2018-3-25 02:00:33
2018-03-25 02:00:35  Resource id #20 DISCONNECTED!
2018-03-25 02:00:35  Resource id #31 DISCONNECTED!
2018-03-25 02:27:06  Server Started : 2018-03-25 02:27:06
2018-03-25 02:27:06  Listening on   : 127.0.0.1 port 8090
2018-03-25 02:27:06  Master socket  : Resource id #7 

2018-03-25 02:32:37  Server Started : 2018-03-25 02:32:37
2018-03-25 02:32:37  Listening on   : 127.0.0.1 port 8090
2018-03-25 02:32:37  Master socket  : Resource id #7 

2018-03-25 02:34:51  Server Started : 2018-03-25 02:34:51
2018-03-25 02:34:51  Listening on   : 127.0.0.1 port 8090
2018-03-25 02:34:51  Master socket  : Resource id #7 

2018-03-25 02:36:46  
Resource id #12 CONNECTED!
2018-03-25 02:36:46  2018-3-25 02:36:46
2018-03-25 02:37:37  
Resource id #15 CONNECTED!
2018-03-25 02:37:37  2018-3-25 02:37:37
2018-03-25 02:38:22  Resource id #15 DISCONNECTED!
2018-03-25 02:38:25  
Resource id #19 CONNECTED!
2018-03-25 02:38:25  2018-3-25 02:38:25
2018-03-25 02:38:29  Resource id #19 DISCONNECTED!
2018-03-25 02:38:37  Resource id #12 DISCONNECTED!
2018-03-25 02:38:55  Server Started : 2018-03-25 02:38:55
2018-03-25 02:38:55  Listening on   : 127.0.0.1 port 8090
2018-03-25 02:38:55  Master socket  : Resource id #7 

2018-03-25 02:39:58  
Resource id #12 CONNECTED!
2018-03-25 02:39:58  2018-3-25 02:39:58
2018-03-25 02:40:14  Resource id #12 DISCONNECTED!
