2018-04-14 09:46:13  Server Started : 2018-04-14 09:46:13
2018-04-14 09:46:13  Listening on   : 127.0.0.1 port 8090
2018-04-14 09:46:13  Master socket  : Resource id #7 

2018-04-14 09:47:28  
Resource id #12 CONNECTED!
2018-04-14 09:47:28  2018-4-14 09:47:28
2018-04-14 09:47:28  2
2018-04-14 09:48:47  
Resource id #16 CONNECTED!
2018-04-14 09:48:47  2018-4-14 09:48:47
2018-04-14 09:48:47  2
2018-04-14 09:48:50  Resource id #16 DISCONNECTED!
2018-04-14 09:48:52  
Resource id #21 CONNECTED!
2018-04-14 09:48:53  2018-4-14 09:48:53
2018-04-14 09:48:53  6
2018-04-14 09:49:43  Resource id #12 DISCONNECTED!
2018-04-14 09:49:49  
Resource id #26 CONNECTED!
2018-04-14 09:49:49  2018-4-14 09:49:49
2018-04-14 09:49:49  2
2018-04-14 09:49:55  Resource id #26 DISCONNECTED!
2018-04-14 09:49:59  
Resource id #31 CONNECTED!
2018-04-14 09:49:59  2018-4-14 09:49:59
2018-04-14 09:49:59  2
2018-04-14 09:50:32  Resource id #21 DISCONNECTED!
2018-04-14 09:50:35  
Resource id #36 CONNECTED!
2018-04-14 09:50:35  2018-4-14 09:50:35
2018-04-14 09:50:35  2
2018-04-14 09:50:38  Resource id #36 DISCONNECTED!
2018-04-14 09:50:42  
Resource id #41 CONNECTED!
2018-04-14 09:50:42  2018-4-14 09:50:42
2018-04-14 09:50:42  2
2018-04-14 09:50:49  Resource id #41 DISCONNECTED!
2018-04-14 09:50:51  
Resource id #46 CONNECTED!
2018-04-14 09:50:51  2018-4-14 09:50:51
2018-04-14 09:50:51  2
2018-04-14 09:57:52  Resource id #31 DISCONNECTED!
2018-04-14 09:57:52  
Resource id #51 CONNECTED!
2018-04-14 09:57:52  2018-4-14 09:57:52
2018-04-14 09:57:52  2
2018-04-14 09:59:00  Server Started : 2018-04-14 09:59:00
2018-04-14 09:59:00  Listening on   : 127.0.0.1 port 8090
2018-04-14 09:59:00  Master socket  : Resource id #7 

2018-04-14 09:59:07  
Resource id #12 CONNECTED!
2018-04-14 09:59:07  2018-4-14 09:59:07
2018-04-14 09:59:16  
Resource id #15 CONNECTED!
2018-04-14 09:59:16  2018-4-14 09:59:16
2018-04-14 09:59:17  Resource id #15 DISCONNECTED!
2018-04-14 09:59:18  
Resource id #19 CONNECTED!
2018-04-14 09:59:18  2018-4-14 09:59:18
2018-04-14 09:59:21  Resource id #19 DISCONNECTED!
2018-04-14 09:59:22  
Resource id #23 CONNECTED!
2018-04-14 09:59:22  2018-4-14 09:59:22
2018-04-14 09:59:23  Resource id #23 DISCONNECTED!
2018-04-14 09:59:24  
Resource id #27 CONNECTED!
2018-04-14 09:59:24  2018-4-14 09:59:24
2018-04-14 09:59:30  Resource id #27 DISCONNECTED!
2018-04-14 09:59:31  
Resource id #31 CONNECTED!
2018-04-14 09:59:31  2018-4-14 09:59:31
2018-04-14 09:59:36  Resource id #31 DISCONNECTED!
2018-04-14 09:59:37  
Resource id #35 CONNECTED!
2018-04-14 09:59:37  2018-4-14 09:59:37
2018-04-14 09:59:40  Resource id #35 DISCONNECTED!
2018-04-14 09:59:42  
Resource id #39 CONNECTED!
2018-04-14 09:59:42  2018-4-14 09:59:42
2018-04-14 09:59:48  Resource id #39 DISCONNECTED!
2018-04-14 09:59:50  
Resource id #43 CONNECTED!
2018-04-14 09:59:50  2018-4-14 09:59:50
2018-04-14 09:59:56  Resource id #43 DISCONNECTED!
2018-04-14 10:01:15  Server Started : 2018-04-14 10:01:15
2018-04-14 10:01:15  Listening on   : 127.0.0.1 port 8090
2018-04-14 10:01:15  Master socket  : Resource id #7 

2018-04-14 10:01:25  
Resource id #12 CONNECTED!
2018-04-14 10:01:25  2018-4-14 10:01:25
2018-04-14 10:01:33  
Resource id #15 CONNECTED!
2018-04-14 10:01:33  2018-4-14 10:01:33
2018-04-14 10:09:17  Server Started : 2018-04-14 10:09:17
2018-04-14 10:09:17  Listening on   : 127.0.0.1 port 8090
2018-04-14 10:09:17  Master socket  : Resource id #7 

2018-04-14 10:10:01  
Resource id #12 CONNECTED!
2018-04-14 10:10:01  2018-4-14 10:10:01
2018-04-14 10:10:47  
Resource id #15 CONNECTED!
2018-04-14 10:10:47  2018-4-14 10:10:47
2018-04-14 10:10:47  roomid:2,mess{"type":"2","msg":"online","avar":"a7.jpg","user":"bbb","stime":"2018-04-14 10:10:47"}
2018-04-14 10:10:51  roomid:,mess{"type":"3","user":null,"avar":"a7.jpg","stime":"2018-04-14 10:10:51","msg":"\u65a4\u65a4\u8ba1\u3001"}
2018-04-14 10:11:08  Resource id #15 DISCONNECTED!
2018-04-14 10:18:01  Server Started : 2018-04-14 10:18:01
2018-04-14 10:18:01  Listening on   : 127.0.0.1 port 8090
2018-04-14 10:18:01  Master socket  : Resource id #7 

2018-04-14 10:18:04  
Resource id #12 CONNECTED!
2018-04-14 10:18:04  2018-4-14 10:18:04
2018-04-14 10:18:13  
Resource id #15 CONNECTED!
2018-04-14 10:18:13  2018-4-14 10:18:13
2018-04-14 10:18:13  roomid:2,mess{"type":"2","msg":"online","avar":"a6.jpg","user":"bbb","stime":"2018-04-14 10:18:13"}
2018-04-14 10:20:45  Resource id #15 DISCONNECTED!
2018-04-14 10:40:49  Resource id #12 DISCONNECTED!
2018-04-14 10:40:49  
Resource id #21 CONNECTED!
2018-04-14 10:40:49  2018-4-14 10:40:49
2018-04-14 10:40:51  Resource id #21 DISCONNECTED!
2018-04-14 10:40:54  
Resource id #25 CONNECTED!
2018-04-14 10:40:54  2018-4-14 10:40:54
2018-04-14 10:41:02  Resource id #25 DISCONNECTED!
2018-04-14 10:41:06  
Resource id #29 CONNECTED!
2018-04-14 10:41:06  2018-4-14 10:41:06
2018-04-14 10:41:14  
Resource id #32 CONNECTED!
2018-04-14 10:41:14  2018-4-14 10:41:14
2018-04-14 10:41:18  Resource id #32 DISCONNECTED!
2018-04-14 10:41:21  
Resource id #36 CONNECTED!
2018-04-14 10:41:21  2018-4-14 10:41:21
2018-04-14 10:42:06  Resource id #36 DISCONNECTED!
2018-04-14 10:42:08  
Resource id #40 CONNECTED!
2018-04-14 10:42:08  2018-4-14 10:42:08
2018-04-14 12:01:40  Resource id #29 DISCONNECTED!
2018-04-14 14:11:50  Server Started : 2018-04-14 14:11:50
2018-04-14 14:11:50  Listening on   : 127.0.0.1 port 8091
2018-04-14 14:11:50  Master socket  : Resource id #7 

2018-04-14 14:17:25  Server Started : 2018-04-14 14:17:25
2018-04-14 14:17:25  Listening on   : 127.0.0.1 port 8090
2018-04-14 14:17:25  Master socket  : Resource id #7 

2018-04-14 14:17:31  
Resource id #12 CONNECTED!
2018-04-14 14:17:31  2018-4-14 14:17:31
2018-04-14 14:17:31  do hand shake
2018-04-14 14:18:08  Resource id #12 DISCONNECTED!
2018-04-14 14:18:09  
Resource id #17 CONNECTED!
2018-04-14 14:18:09  2018-4-14 14:18:09
2018-04-14 14:18:09  do hand shake
2018-04-14 14:18:11  Resource id #17 DISCONNECTED!
2018-04-14 14:18:14  
Resource id #22 CONNECTED!
2018-04-14 14:18:14  2018-4-14 14:18:14
2018-04-14 14:18:14  do hand shake
2018-04-14 14:18:18  
Resource id #26 CONNECTED!
2018-04-14 14:18:18  2018-4-14 14:18:18
2018-04-14 14:18:18  do hand shake
2018-04-14 14:18:18  roomid:2,mess{"type":"2","msg":"online","avar":"a4.jpg","user":"aaa","stime":"2018-04-14 14:18:18"}
2018-04-14 14:18:25  Resource id #26 DISCONNECTED!
2018-04-14 14:18:28  
Resource id #32 CONNECTED!
2018-04-14 14:18:28  2018-4-14 14:18:28
2018-04-14 14:18:28  do hand shake
2018-04-14 14:18:28  roomid:2,mess{"type":"2","msg":"online","avar":"a2.jpg","user":"aaa","stime":"2018-04-14 14:18:28"}
2018-04-14 14:25:34  Server Started : 2018-04-14 14:25:34
2018-04-14 14:25:34  Listening on   : 127.0.0.1 port 8090
2018-04-14 14:25:34  Master socket  : Resource id #7 

