2018-04-05 09:22:42  Server Started : 2018-04-05 09:22:42
2018-04-05 09:22:42  Listening on   : 127.0.0.1 port 8090
2018-04-05 09:22:42  Master socket  : Resource id #7 

2018-04-05 09:23:02  
Resource id #12 CONNECTED!
2018-04-05 09:23:02  2018-4-05 09:23:02
2018-04-05 09:32:20  Server Started : 2018-04-05 09:32:20
2018-04-05 09:32:20  Listening on   : 127.0.0.1 port 8090
2018-04-05 09:32:20  Master socket  : Resource id #7 

2018-04-05 09:32:28  
Resource id #12 CONNECTED!
2018-04-05 09:32:28  2018-4-05 09:32:28
2018-04-05 09:32:31  Resource id #12 DISCONNECTED!
2018-04-05 11:00:25  
Resource id #16 CONNECTED!
2018-04-05 11:00:25  2018-4-05 11:00:25
2018-04-05 11:00:27  Resource id #16 DISCONNECTED!
2018-04-05 11:19:03  
Resource id #20 CONNECTED!
2018-04-05 11:19:03  2018-4-05 11:19:03
2018-04-05 11:19:05  Resource id #20 DISCONNECTED!
2018-04-05 11:21:47  
Resource id #24 CONNECTED!
2018-04-05 11:21:47  2018-4-05 11:21:47
2018-04-05 11:21:50  Resource id #24 DISCONNECTED!
2018-04-05 11:21:52  
Resource id #28 CONNECTED!
2018-04-05 11:21:52  2018-4-05 11:21:52
2018-04-05 11:21:54  Resource id #28 DISCONNECTED!
2018-04-05 11:31:38  
Resource id #32 CONNECTED!
2018-04-05 11:31:38  2018-4-05 11:31:38
2018-04-05 11:31:40  Resource id #32 DISCONNECTED!
2018-04-05 11:31:48  
Resource id #36 CONNECTED!
2018-04-05 11:31:48  2018-4-05 11:31:48
2018-04-05 11:31:50  Resource id #36 DISCONNECTED!
2018-04-05 11:34:47  
Resource id #40 CONNECTED!
2018-04-05 11:34:47  2018-4-05 11:34:47
2018-04-05 11:34:49  Resource id #40 DISCONNECTED!
2018-04-05 11:57:43  
Resource id #44 CONNECTED!
2018-04-05 11:57:43  2018-4-05 11:57:43
2018-04-05 11:58:19  Resource id #44 DISCONNECTED!
2018-04-05 17:43:20  
Resource id #48 CONNECTED!
2018-04-05 17:43:20  2018-4-05 17:43:20
2018-04-05 17:43:20  Resource id #48 DISCONNECTED!
2018-04-05 19:36:20  
Resource id #52 CONNECTED!
2018-04-05 19:36:20  2018-4-05 19:36:20
2018-04-05 19:36:31  Resource id #52 DISCONNECTED!
2018-04-05 19:36:31  
Resource id #56 CONNECTED!
2018-04-05 19:36:31  2018-4-05 19:36:31
2018-04-05 19:36:36  Resource id #56 DISCONNECTED!
2018-04-05 19:36:36  
Resource id #60 CONNECTED!
2018-04-05 19:36:36  2018-4-05 19:36:36
2018-04-05 19:36:41  Resource id #60 DISCONNECTED!
2018-04-05 19:36:41  
Resource id #64 CONNECTED!
2018-04-05 19:36:41  2018-4-05 19:36:41
2018-04-05 19:36:46  Resource id #64 DISCONNECTED!
2018-04-05 19:36:46  
Resource id #68 CONNECTED!
2018-04-05 19:36:46  2018-4-05 19:36:46
2018-04-05 19:36:46  
Resource id #71 CONNECTED!
2018-04-05 19:36:46  2018-4-05 19:36:46
2018-04-05 19:36:46  Resource id #71 DISCONNECTED!
2018-04-05 19:37:16  Resource id #68 DISCONNECTED!
2018-04-05 21:14:34  
Resource id #76 CONNECTED!
2018-04-05 21:14:34  2018-4-05 21:14:34
2018-04-05 21:14:34  
Resource id #79 CONNECTED!
2018-04-05 21:14:34  2018-4-05 21:14:34
2018-04-05 21:14:34  Resource id #76 DISCONNECTED!
2018-04-05 21:14:34  Resource id #79 DISCONNECTED!
2018-04-05 21:14:34  
Resource id #84 CONNECTED!
2018-04-05 21:14:34  2018-4-05 21:14:34
2018-04-05 21:14:34  Resource id #84 DISCONNECTED!
2018-04-05 23:03:18  
Resource id #88 CONNECTED!
2018-04-05 23:03:18  2018-4-05 23:03:18
2018-04-05 23:03:19  Resource id #88 DISCONNECTED!
